[+] Runner instantiated with cmd train and data cache/sparse_labeled_24.pkl
  epoch    auprc    auroc      f1    train_loss    valid_acc    valid_loss    cp      dur
-------  -------  -------  ------  ------------  -----------  ------------  ----  -------
      1   [36m0.0580[0m   [32m0.4515[0m  [35m0.0000[0m        [31m0.4628[0m       [94m0.9415[0m        [36m0.2735[0m     +  11.8664
      2   [36m0.2451[0m   [32m0.7918[0m  0.0000        [31m0.2155[0m       0.9415        [36m0.1881[0m     +  11.1305
      3   [36m0.2923[0m   [32m0.8078[0m  [35m0.0128[0m        [31m0.1812[0m       0.9415        [36m0.1812[0m     +  11.1352
      4   [36m0.3014[0m   [32m0.8109[0m  [35m0.0621[0m        [31m0.1747[0m       [94m0.9426[0m        [36m0.1803[0m     +  11.2345
      5   [36m0.3143[0m   [32m0.8132[0m  0.0621        [31m0.1722[0m       0.9426        [36m0.1803[0m     +  11.1323
      6   [36m0.3191[0m   [32m0.8149[0m  [35m0.0854[0m        [31m0.1712[0m       [94m0.9430[0m        [36m0.1796[0m     +  11.1309
      7   [36m0.3197[0m   [32m0.8174[0m  0.0732        [31m0.1690[0m       0.9422        [36m0.1792[0m     +  11.1363
      8   [36m0.3224[0m   [32m0.8190[0m  0.0497        0.1698       0.9419        0.1795        11.1457
      9   [36m0.3254[0m   [32m0.8228[0m  [35m0.0952[0m        [31m0.1675[0m       0.9422        [36m0.1765[0m     +  11.1577
     10   0.3220   [32m0.8233[0m  0.0723        [31m0.1665[0m       0.9415        0.1777        11.1443
     11   [36m0.3313[0m   [32m0.8258[0m  [35m0.1040[0m        [31m0.1660[0m       0.9411        [36m0.1749[0m     +  11.2146
     12   [36m0.3370[0m   [32m0.8272[0m  [35m0.1156[0m        [31m0.1651[0m       0.9419        [36m0.1746[0m     +  11.1399
     13   [36m0.3376[0m   [32m0.8276[0m  [35m0.1264[0m        [31m0.1648[0m       0.9422        0.1751        11.1622
     14   [36m0.3420[0m   [32m0.8290[0m  [35m0.1371[0m        [31m0.1633[0m       0.9426        [36m0.1743[0m     +  11.1762
     15   [36m0.3462[0m   [32m0.8299[0m  0.1371        0.1636       0.9426        0.1748        11.1532
     16   0.3451   [32m0.8304[0m  [35m0.1685[0m        [31m0.1628[0m       [94m0.9438[0m        [36m0.1736[0m     +  11.1519
     17   [36m0.3490[0m   [32m0.8315[0m  0.1371        0.1629       0.9426        [36m0.1733[0m     +  11.2217
     18   [36m0.3562[0m   [32m0.8317[0m  0.1591        [31m0.1615[0m       0.9438        0.1739        11.1736
     19   [36m0.3590[0m   [32m0.8333[0m  0.1477        [31m0.1611[0m       0.9430        [36m0.1723[0m     +  11.1708
     20   0.3581   [32m0.8337[0m  0.1486        0.1615       0.9434        0.1730        11.1515
     21   0.3590   0.8335  0.1494        [31m0.1602[0m       0.9438        0.1727        11.1627
     22   [36m0.3629[0m   [32m0.8349[0m  [35m0.1808[0m        [31m0.1600[0m       [94m0.9449[0m        [36m0.1721[0m     +  11.1623
     23   [36m0.3630[0m   0.8345  [35m0.1910[0m        0.1603       [94m0.9453[0m        0.1722        11.2319
     24   [36m0.3689[0m   [32m0.8364[0m  0.1705        [31m0.1592[0m       0.9445        [36m0.1704[0m     +  11.1606
     25   0.3672   0.8352  [35m0.1921[0m        [31m0.1590[0m       [94m0.9457[0m        0.1714        11.1567
     26   [36m0.3695[0m   [32m0.8365[0m  [35m0.2011[0m        [31m0.1585[0m       0.9457        0.1713        11.1575
Stopping since valid_loss has not improved in the last 3 epochs.
Final AUROC: 0.8863824991275971
Final AUPRC: 0.319590731374259
