[+] Runner instantiated with cmd train and data cache/sparse_labeled_3.pkl
  epoch    auprc    auroc      f1    train_loss    valid_acc    valid_loss    cp      dur
-------  -------  -------  ------  ------------  -----------  ------------  ----  -------
      1   [36m0.1422[0m   [32m0.6105[0m  [35m0.0000[0m        [31m0.4780[0m       [94m0.9169[0m        [36m0.3058[0m     +  12.3049
      2   [36m0.3543[0m   [32m0.8244[0m  [35m0.0346[0m        [31m0.2533[0m       [94m0.9172[0m        [36m0.2284[0m     +  11.4776
      3   [36m0.4050[0m   [32m0.8419[0m  [35m0.1526[0m        [31m0.2250[0m       [94m0.9217[0m        [36m0.2178[0m     +  11.4746
      4   [36m0.4295[0m   [32m0.8484[0m  [35m0.2264[0m        [31m0.2180[0m       [94m0.9239[0m        [36m0.2151[0m     +  11.5409
      5   [36m0.4410[0m   [32m0.8531[0m  [35m0.2609[0m        [31m0.2157[0m       [94m0.9243[0m        [36m0.2116[0m     +  11.4795
      6   [36m0.4472[0m   [32m0.8558[0m  0.2397        [31m0.2127[0m       [94m0.9246[0m        0.2119        11.4522
      7   [36m0.4521[0m   [32m0.8591[0m  0.2444        [31m0.2115[0m       0.9243        [36m0.2097[0m     +  11.4416
      8   [36m0.4599[0m   [32m0.8623[0m  0.2008        [31m0.2101[0m       0.9232        0.2097        11.4545
      9   [36m0.4640[0m   [32m0.8662[0m  0.1890        [31m0.2077[0m       0.9235        [36m0.2090[0m     +  11.4656
     10   0.4596   [32m0.8680[0m  0.1953        [31m0.2069[0m       0.9235        [36m0.2084[0m     +  11.5204
     11   0.4580   [32m0.8692[0m  0.2214        [31m0.2060[0m       0.9243        [36m0.2067[0m     +  11.4610
     12   0.4583   [32m0.8706[0m  0.2093        [31m0.2041[0m       0.9243        [36m0.2065[0m     +  11.4431
     13   0.4599   [32m0.8726[0m  0.2397        [31m0.2036[0m       0.9246        [36m0.2049[0m     +  11.4657
     14   0.4626   [32m0.8738[0m  0.2154        [31m0.2028[0m       0.9243        0.2068        11.4514
     15   0.4617   [32m0.8751[0m  0.2162        [31m0.2020[0m       0.9246        0.2059        11.4522
Stopping since valid_loss has not improved in the last 3 epochs.
Final AUROC: 0.8700875122530052
Final AUPRC: 0.43889736144130154
