[+] Runner instantiated with cmd train and data cache/sparse_labeled_6.pkl
  epoch    auprc    auroc      f1    train_loss    valid_acc    valid_loss    cp      dur
-------  -------  -------  ------  ------------  -----------  ------------  ----  -------
      1   [36m0.1124[0m   [32m0.5634[0m  [35m0.0000[0m        [31m0.4784[0m       [94m0.9243[0m        [36m0.3017[0m     +  12.1672
      2   [36m0.2955[0m   [32m0.7976[0m  [35m0.0283[0m        [31m0.2461[0m       0.9232        [36m0.2216[0m     +  11.3497
      3   [36m0.3429[0m   [32m0.8165[0m  [35m0.2000[0m        [31m0.2137[0m       [94m0.9254[0m        [36m0.2136[0m     +  11.3666
      4   [36m0.3579[0m   [32m0.8208[0m  [35m0.2213[0m        [31m0.2074[0m       [94m0.9265[0m        [36m0.2118[0m     +  11.4466
      5   [36m0.3660[0m   [32m0.8221[0m  [35m0.2462[0m        [31m0.2024[0m       [94m0.9269[0m        0.2124        11.3582
      6   [36m0.3715[0m   [32m0.8257[0m  [35m0.2519[0m        [31m0.2014[0m       0.9269        [36m0.2106[0m     +  11.3750
      7   [36m0.3780[0m   [32m0.8280[0m  0.2412        [31m0.2000[0m       [94m0.9273[0m        [36m0.2096[0m     +  11.3748
      8   [36m0.3857[0m   [32m0.8301[0m  0.2422        [31m0.1983[0m       [94m0.9277[0m        [36m0.2086[0m     +  11.3910
      9   [36m0.3914[0m   [32m0.8316[0m  [35m0.2605[0m        [31m0.1981[0m       [94m0.9280[0m        [36m0.2062[0m     +  11.3723
     10   [36m0.3934[0m   [32m0.8340[0m  0.2558        [31m0.1961[0m       [94m0.9284[0m        [36m0.2053[0m     +  11.4457
     11   [36m0.3980[0m   [32m0.8360[0m  0.2510        [31m0.1954[0m       [94m0.9288[0m        0.2060        11.3803
     12   [36m0.4038[0m   [32m0.8380[0m  0.2451        [31m0.1934[0m       0.9288        [36m0.2038[0m     +  11.3932
     13   [36m0.4051[0m   [32m0.8395[0m  0.2520        [31m0.1931[0m       [94m0.9292[0m        [36m0.2032[0m     +  11.3683
     14   [36m0.4096[0m   [32m0.8409[0m  0.2520        [31m0.1922[0m       0.9292        [36m0.2020[0m     +  11.3921
     15   [36m0.4126[0m   [32m0.8422[0m  0.2530        [31m0.1913[0m       [94m0.9295[0m        0.2031        11.3954
     16   [36m0.4143[0m   [32m0.8430[0m  0.2470        [31m0.1904[0m       0.9295        0.2022        11.3863
     17   [36m0.4177[0m   [32m0.8440[0m  0.2520        [31m0.1899[0m       0.9292        [36m0.2012[0m     +  11.4517
     18   [36m0.4177[0m   [32m0.8448[0m  0.2400        [31m0.1890[0m       0.9292        0.2022        11.3856
     19   [36m0.4208[0m   [32m0.8458[0m  0.2598        0.1898       [94m0.9299[0m        [36m0.2010[0m     +  11.3763
     20   0.4201   [32m0.8461[0m  0.2480        [31m0.1886[0m       0.9299        0.2017        11.3708
     21   [36m0.4219[0m   [32m0.8468[0m  [35m0.2791[0m        [31m0.1885[0m       [94m0.9306[0m        [36m0.1999[0m     +  11.3982
     22   [36m0.4241[0m   [32m0.8472[0m  0.2724        [31m0.1873[0m       0.9303        [36m0.1991[0m     +  11.4079
     23   [36m0.4244[0m   [32m0.8475[0m  0.2530        0.1882       0.9295        0.2003        11.4488
     24   [36m0.4266[0m   [32m0.8486[0m  0.2724        [31m0.1863[0m       0.9303        0.2004        11.3807
     25   0.4265   [32m0.8495[0m  0.2780        0.1864       0.9303        [36m0.1985[0m     +  11.3806
     26   [36m0.4301[0m   [32m0.8497[0m  [35m0.2857[0m        [31m0.1860[0m       [94m0.9310[0m        0.1991        11.3879
     27   [36m0.4323[0m   [32m0.8510[0m  [35m0.2989[0m        [31m0.1853[0m       [94m0.9318[0m        0.1988        11.3661
     28   0.4316   [32m0.8515[0m  [35m0.3030[0m        0.1867       0.9314        [36m0.1981[0m     +  11.3855
     29   0.4280   0.8507  0.2734        0.1858       0.9306        0.1992        11.3673
     30   0.4295   0.8513  0.2912        0.1863       0.9310        [36m0.1980[0m     +  11.4387
     31   [36m0.4341[0m   [32m0.8523[0m  0.2977        [31m0.1852[0m       0.9314        [36m0.1967[0m     +  11.3632
     32   0.4273   0.8519  0.2868        0.1853       0.9314        0.1988        11.3954
     33   0.4296   [32m0.8524[0m  0.2868        [31m0.1847[0m       0.9314        0.1990        11.4013
Stopping since valid_loss has not improved in the last 3 epochs.
Final AUROC: 0.8699831620619405
Final AUPRC: 0.3988951021997475
